0 info it worked if it ends with ok
1 verbose cli [ '/usr/bin/node', '/usr/bin/npm', 'remove', '-g', 'node-gyp' ]
2 info using npm@1.4.28
3 info using node@v0.10.32
4 verbose node symlink /usr/bin/node
5 verbose lib/node_modules/node-gyp unbuild
6 info preuninstall node-gyp@1.0.2
7 info uninstall node-gyp@1.0.2
8 verbose true,/usr/lib/node_modules,/usr/lib/node_modules unbuild node-gyp@1.0.2
9 verbose /usr/bin,[object Object] binRoot
10 error Error: EACCES, unlink '/usr/bin/node-gyp'
10 error  { [Error: EACCES, unlink '/usr/bin/node-gyp'] errno: 3, code: 'EACCES', path: '/usr/bin/node-gyp' }
11 error Please try running this command again as root/Administrator.
12 error System Linux 3.2.0-70-generic
13 error command "/usr/bin/node" "/usr/bin/npm" "remove" "-g" "node-gyp"
14 error cwd /home/joao/projectos/2048
15 error node -v v0.10.32
16 error npm -v 1.4.28
17 error path /usr/bin/node-gyp
18 error code EACCES
19 error errno 3
20 error stack Error: EACCES, unlink '/usr/bin/node-gyp'
21 verbose exit [ 3, true ]
